{"D:\\Coding\\ISDI Coders\\Daily Challenges\\Week 7\\Challenge Weekend - Red Social\\back2\\src\\db\\models\\User.js": {"path":"D:\\Coding\\ISDI Coders\\Daily Challenges\\Week 7\\Challenge Weekend - Red Social\\back2\\src\\db\\models\\User.js","statementMap":{"0":{"start":{"line":1,"column":26},"end":{"line":1,"column":45}},"1":{"start":{"line":3,"column":19},"end":{"line":30,"column":2}},"2":{"start":{"line":32,"column":13},"end":{"line":32,"column":47}},"3":{"start":{"line":34,"column":0},"end":{"line":34,"column":22}}},"fnMap":{},"branchMap":{},"s":{"0":2,"1":2,"2":2,"3":2},"f":{},"b":{},"_coverageSchema":"1a1c01bbd47fc00a2c39e90264f33305004495a9","hash":"ce94ee605d15043930d6d006410e291fc81a106a"}
,"D:\\Coding\\ISDI Coders\\Daily Challenges\\Week 7\\Challenge Weekend - Red Social\\back2\\src\\server\\controllers\\userController.js": {"path":"D:\\Coding\\ISDI Coders\\Daily Challenges\\Week 7\\Challenge Weekend - Red Social\\back2\\src\\server\\controllers\\userController.js","statementMap":{"0":{"start":{"line":1,"column":12},"end":{"line":1,"column":35}},"1":{"start":{"line":2,"column":15},"end":{"line":2,"column":32}},"2":{"start":{"line":3,"column":13},"end":{"line":3,"column":44}},"3":{"start":{"line":5,"column":21},"end":{"line":22,"column":1}},"4":{"start":{"line":6,"column":2},"end":{"line":21,"column":3}},"5":{"start":{"line":7,"column":25},"end":{"line":7,"column":33}},"6":{"start":{"line":8,"column":25},"end":{"line":8,"column":57}},"7":{"start":{"line":9,"column":4},"end":{"line":16,"column":5}},"8":{"start":{"line":10,"column":26},"end":{"line":10,"column":53}},"9":{"start":{"line":11,"column":6},"end":{"line":11,"column":40}},"10":{"start":{"line":13,"column":20},"end":{"line":13,"column":61}},"11":{"start":{"line":14,"column":6},"end":{"line":14,"column":23}},"12":{"start":{"line":15,"column":6},"end":{"line":15,"column":18}},"13":{"start":{"line":18,"column":4},"end":{"line":18,"column":21}},"14":{"start":{"line":19,"column":4},"end":{"line":19,"column":42}},"15":{"start":{"line":20,"column":4},"end":{"line":20,"column":16}},"16":{"start":{"line":24,"column":18},"end":{"line":46,"column":1}},"17":{"start":{"line":25,"column":33},"end":{"line":25,"column":41}},"18":{"start":{"line":26,"column":15},"end":{"line":26,"column":47}},"19":{"start":{"line":27,"column":2},"end":{"line":45,"column":3}},"20":{"start":{"line":28,"column":18},"end":{"line":28,"column":45}},"21":{"start":{"line":29,"column":4},"end":{"line":29,"column":21}},"22":{"start":{"line":30,"column":4},"end":{"line":30,"column":16}},"23":{"start":{"line":32,"column":28},"end":{"line":32,"column":73}},"24":{"start":{"line":33,"column":4},"end":{"line":44,"column":5}},"25":{"start":{"line":34,"column":20},"end":{"line":34,"column":49}},"26":{"start":{"line":35,"column":6},"end":{"line":35,"column":23}},"27":{"start":{"line":36,"column":6},"end":{"line":36,"column":18}},"28":{"start":{"line":38,"column":23},"end":{"line":41,"column":7}},"29":{"start":{"line":42,"column":20},"end":{"line":42,"column":62}},"30":{"start":{"line":43,"column":6},"end":{"line":43,"column":26}},"31":{"start":{"line":48,"column":0},"end":{"line":48,"column":45}}},"fnMap":{"0":{"name":"(anonymous_0)","decl":{"start":{"line":5,"column":21},"end":{"line":5,"column":22}},"loc":{"start":{"line":5,"column":47},"end":{"line":22,"column":1}},"line":5},"1":{"name":"(anonymous_1)","decl":{"start":{"line":24,"column":18},"end":{"line":24,"column":19}},"loc":{"start":{"line":24,"column":44},"end":{"line":46,"column":1}},"line":24}},"branchMap":{"0":{"loc":{"start":{"line":9,"column":4},"end":{"line":16,"column":5}},"type":"if","locations":[{"start":{"line":9,"column":4},"end":{"line":16,"column":5}},{"start":{"line":12,"column":11},"end":{"line":16,"column":5}}],"line":9},"1":{"loc":{"start":{"line":27,"column":2},"end":{"line":45,"column":3}},"type":"if","locations":[{"start":{"line":27,"column":2},"end":{"line":45,"column":3}},{"start":{"line":31,"column":9},"end":{"line":45,"column":3}}],"line":27},"2":{"loc":{"start":{"line":33,"column":4},"end":{"line":44,"column":5}},"type":"if","locations":[{"start":{"line":33,"column":4},"end":{"line":44,"column":5}},{"start":{"line":37,"column":11},"end":{"line":44,"column":5}}],"line":33}},"s":{"0":2,"1":2,"2":2,"3":2,"4":5,"5":5,"6":5,"7":5,"8":4,"9":3,"10":1,"11":1,"12":1,"13":2,"14":2,"15":2,"16":2,"17":6,"18":6,"19":6,"20":2,"21":2,"22":2,"23":4,"24":4,"25":2,"26":2,"27":2,"28":2,"29":2,"30":2,"31":2},"f":{"0":5,"1":6},"b":{"0":[4,1],"1":[2,4],"2":[2,2]},"_coverageSchema":"1a1c01bbd47fc00a2c39e90264f33305004495a9","hash":"98cc7bf12fe16c306e2096d5bf85e815228951d4"}
,"D:\\Coding\\ISDI Coders\\Daily Challenges\\Week 7\\Challenge Weekend - Red Social\\back2\\src\\server\\middlewares\\errors.js": {"path":"D:\\Coding\\ISDI Coders\\Daily Challenges\\Week 7\\Challenge Weekend - Red Social\\back2\\src\\server\\middlewares\\errors.js","statementMap":{"0":{"start":{"line":1,"column":14},"end":{"line":1,"column":30}},"1":{"start":{"line":2,"column":14},"end":{"line":2,"column":30}},"2":{"start":{"line":4,"column":22},"end":{"line":7,"column":1}},"3":{"start":{"line":5,"column":2},"end":{"line":5,"column":18}},"4":{"start":{"line":6,"column":2},"end":{"line":6,"column":59}},"5":{"start":{"line":10,"column":21},"end":{"line":16,"column":1}},"6":{"start":{"line":11,"column":2},"end":{"line":11,"column":44}},"7":{"start":{"line":12,"column":20},"end":{"line":12,"column":35}},"8":{"start":{"line":13,"column":23},"end":{"line":13,"column":71}},"9":{"start":{"line":14,"column":2},"end":{"line":14,"column":24}},"10":{"start":{"line":15,"column":2},"end":{"line":15,"column":51}},"11":{"start":{"line":18,"column":0},"end":{"line":18,"column":49}}},"fnMap":{"0":{"name":"(anonymous_0)","decl":{"start":{"line":4,"column":22},"end":{"line":4,"column":23}},"loc":{"start":{"line":4,"column":36},"end":{"line":7,"column":1}},"line":4},"1":{"name":"(anonymous_1)","decl":{"start":{"line":10,"column":21},"end":{"line":10,"column":22}},"loc":{"start":{"line":10,"column":46},"end":{"line":16,"column":1}},"line":10}},"branchMap":{"0":{"loc":{"start":{"line":12,"column":20},"end":{"line":12,"column":35}},"type":"binary-expr","locations":[{"start":{"line":12,"column":20},"end":{"line":12,"column":28}},{"start":{"line":12,"column":32},"end":{"line":12,"column":35}}],"line":12},"1":{"loc":{"start":{"line":13,"column":23},"end":{"line":13,"column":71}},"type":"cond-expr","locations":[{"start":{"line":13,"column":34},"end":{"line":13,"column":45}},{"start":{"line":13,"column":48},"end":{"line":13,"column":71}}],"line":13}},"s":{"0":2,"1":2,"2":2,"3":1,"4":1,"5":2,"6":4,"7":4,"8":4,"9":4,"10":4,"11":2},"f":{"0":1,"1":4},"b":{"0":[4,1],"1":[3,1]},"_coverageSchema":"1a1c01bbd47fc00a2c39e90264f33305004495a9","hash":"fdb3911d421006edc2384b4f4c027fc275b79d1d"}
,"D:\\Coding\\ISDI Coders\\Daily Challenges\\Week 7\\Challenge Weekend - Red Social\\back2\\src\\server\\routers\\userRouter.js": {"path":"D:\\Coding\\ISDI Coders\\Daily Challenges\\Week 7\\Challenge Weekend - Red Social\\back2\\src\\server\\routers\\userRouter.js","statementMap":{"0":{"start":{"line":1,"column":16},"end":{"line":1,"column":34}},"1":{"start":{"line":2,"column":36},"end":{"line":2,"column":76}},"2":{"start":{"line":4,"column":15},"end":{"line":4,"column":31}},"3":{"start":{"line":6,"column":0},"end":{"line":6,"column":33}},"4":{"start":{"line":7,"column":0},"end":{"line":7,"column":39}},"5":{"start":{"line":9,"column":0},"end":{"line":9,"column":24}}},"fnMap":{},"branchMap":{},"s":{"0":1,"1":1,"2":1,"3":1,"4":1,"5":1},"f":{},"b":{},"_coverageSchema":"1a1c01bbd47fc00a2c39e90264f33305004495a9","hash":"1519b3129ae4f4270ef3392bd2d666edadb5573a"}
}
