{"D:\\Coding\\ISDI Coders\\Daily Challenges\\Week 7\\Challenge Weekend - Red Social\\back2\\src\\db\\models\\User.js": {"path":"D:\\Coding\\ISDI Coders\\Daily Challenges\\Week 7\\Challenge Weekend - Red Social\\back2\\src\\db\\models\\User.js","statementMap":{"0":{"start":{"line":1,"column":26},"end":{"line":1,"column":45}},"1":{"start":{"line":3,"column":19},"end":{"line":30,"column":2}},"2":{"start":{"line":32,"column":13},"end":{"line":32,"column":47}},"3":{"start":{"line":34,"column":0},"end":{"line":34,"column":22}}},"fnMap":{},"branchMap":{},"s":{"0":2,"1":2,"2":2,"3":2},"f":{},"b":{},"_coverageSchema":"1a1c01bbd47fc00a2c39e90264f33305004495a9","hash":"ce94ee605d15043930d6d006410e291fc81a106a"}
,"D:\\Coding\\ISDI Coders\\Daily Challenges\\Week 7\\Challenge Weekend - Red Social\\back2\\src\\server\\controllers\\userController.js": {"path":"D:\\Coding\\ISDI Coders\\Daily Challenges\\Week 7\\Challenge Weekend - Red Social\\back2\\src\\server\\controllers\\userController.js","statementMap":{"0":{"start":{"line":1,"column":12},"end":{"line":1,"column":35}},"1":{"start":{"line":2,"column":15},"end":{"line":2,"column":32}},"2":{"start":{"line":3,"column":11},"end":{"line":3,"column":24}},"3":{"start":{"line":4,"column":13},"end":{"line":4,"column":28}},"4":{"start":{"line":5,"column":26},"end":{"line":5,"column":49}},"5":{"start":{"line":11,"column":4},"end":{"line":11,"column":31}},"6":{"start":{"line":12,"column":14},"end":{"line":12,"column":30}},"7":{"start":{"line":13,"column":13},"end":{"line":13,"column":44}},"8":{"start":{"line":15,"column":23},"end":{"line":22,"column":1}},"9":{"start":{"line":24,"column":20},"end":{"line":24,"column":49}},"10":{"start":{"line":25,"column":16},"end":{"line":25,"column":39}},"11":{"start":{"line":27,"column":21},"end":{"line":67,"column":1}},"12":{"start":{"line":28,"column":33},"end":{"line":28,"column":41}},"13":{"start":{"line":29,"column":2},"end":{"line":66,"column":3}},"14":{"start":{"line":30,"column":25},"end":{"line":30,"column":57}},"15":{"start":{"line":31,"column":4},"end":{"line":61,"column":5}},"16":{"start":{"line":32,"column":32},"end":{"line":32,"column":63}},"17":{"start":{"line":33,"column":26},"end":{"line":33,"column":65}},"18":{"start":{"line":34,"column":26},"end":{"line":34,"column":69}},"19":{"start":{"line":35,"column":6},"end":{"line":39,"column":9}},"20":{"start":{"line":36,"column":8},"end":{"line":38,"column":9}},"21":{"start":{"line":37,"column":10},"end":{"line":37,"column":22}},"22":{"start":{"line":40,"column":6},"end":{"line":55,"column":9}},"23":{"start":{"line":41,"column":8},"end":{"line":54,"column":9}},"24":{"start":{"line":42,"column":10},"end":{"line":42,"column":22}},"25":{"start":{"line":44,"column":29},"end":{"line":44,"column":54}},"26":{"start":{"line":45,"column":10},"end":{"line":45,"column":40}},"27":{"start":{"line":46,"column":10},"end":{"line":46,"column":51}},"28":{"start":{"line":47,"column":34},"end":{"line":47,"column":66}},"29":{"start":{"line":48,"column":30},"end":{"line":52,"column":12}},"30":{"start":{"line":53,"column":10},"end":{"line":53,"column":44}},"31":{"start":{"line":57,"column":20},"end":{"line":57,"column":61}},"32":{"start":{"line":58,"column":6},"end":{"line":58,"column":23}},"33":{"start":{"line":59,"column":6},"end":{"line":59,"column":18}},"34":{"start":{"line":60,"column":6},"end":{"line":60,"column":13}},"35":{"start":{"line":63,"column":4},"end":{"line":63,"column":21}},"36":{"start":{"line":64,"column":4},"end":{"line":64,"column":42}},"37":{"start":{"line":65,"column":4},"end":{"line":65,"column":16}},"38":{"start":{"line":69,"column":18},"end":{"line":91,"column":1}},"39":{"start":{"line":70,"column":33},"end":{"line":70,"column":41}},"40":{"start":{"line":71,"column":15},"end":{"line":71,"column":47}},"41":{"start":{"line":72,"column":2},"end":{"line":90,"column":3}},"42":{"start":{"line":73,"column":18},"end":{"line":73,"column":45}},"43":{"start":{"line":74,"column":4},"end":{"line":74,"column":21}},"44":{"start":{"line":75,"column":4},"end":{"line":75,"column":16}},"45":{"start":{"line":77,"column":28},"end":{"line":77,"column":73}},"46":{"start":{"line":78,"column":4},"end":{"line":89,"column":5}},"47":{"start":{"line":79,"column":20},"end":{"line":79,"column":49}},"48":{"start":{"line":80,"column":6},"end":{"line":80,"column":23}},"49":{"start":{"line":81,"column":6},"end":{"line":81,"column":18}},"50":{"start":{"line":83,"column":23},"end":{"line":86,"column":7}},"51":{"start":{"line":87,"column":20},"end":{"line":87,"column":62}},"52":{"start":{"line":88,"column":6},"end":{"line":88,"column":26}},"53":{"start":{"line":93,"column":0},"end":{"line":93,"column":45}}},"fnMap":{"0":{"name":"(anonymous_0)","decl":{"start":{"line":27,"column":21},"end":{"line":27,"column":22}},"loc":{"start":{"line":27,"column":47},"end":{"line":67,"column":1}},"line":27},"1":{"name":"(anonymous_1)","decl":{"start":{"line":35,"column":42},"end":{"line":35,"column":43}},"loc":{"start":{"line":35,"column":53},"end":{"line":39,"column":7}},"line":35},"2":{"name":"(anonymous_2)","decl":{"start":{"line":40,"column":31},"end":{"line":40,"column":32}},"loc":{"start":{"line":40,"column":54},"end":{"line":55,"column":7}},"line":40},"3":{"name":"(anonymous_3)","decl":{"start":{"line":69,"column":18},"end":{"line":69,"column":19}},"loc":{"start":{"line":69,"column":44},"end":{"line":91,"column":1}},"line":69}},"branchMap":{"0":{"loc":{"start":{"line":31,"column":4},"end":{"line":61,"column":5}},"type":"if","locations":[{"start":{"line":31,"column":4},"end":{"line":61,"column":5}},{"start":{"line":56,"column":11},"end":{"line":61,"column":5}}],"line":31},"1":{"loc":{"start":{"line":36,"column":8},"end":{"line":38,"column":9}},"type":"if","locations":[{"start":{"line":36,"column":8},"end":{"line":38,"column":9}},{"start":{},"end":{}}],"line":36},"2":{"loc":{"start":{"line":41,"column":8},"end":{"line":54,"column":9}},"type":"if","locations":[{"start":{"line":41,"column":8},"end":{"line":54,"column":9}},{"start":{"line":43,"column":15},"end":{"line":54,"column":9}}],"line":41},"3":{"loc":{"start":{"line":72,"column":2},"end":{"line":90,"column":3}},"type":"if","locations":[{"start":{"line":72,"column":2},"end":{"line":90,"column":3}},{"start":{"line":76,"column":9},"end":{"line":90,"column":3}}],"line":72},"4":{"loc":{"start":{"line":78,"column":4},"end":{"line":89,"column":5}},"type":"if","locations":[{"start":{"line":78,"column":4},"end":{"line":89,"column":5}},{"start":{"line":82,"column":11},"end":{"line":89,"column":5}}],"line":78}},"s":{"0":2,"1":2,"2":2,"3":2,"4":2,"5":2,"6":2,"7":2,"8":2,"9":2,"10":2,"11":2,"12":2,"13":2,"14":2,"15":2,"16":1,"17":0,"18":0,"19":0,"20":0,"21":0,"22":0,"23":0,"24":0,"25":0,"26":0,"27":0,"28":0,"29":0,"30":0,"31":1,"32":1,"33":1,"34":1,"35":1,"36":1,"37":1,"38":2,"39":6,"40":6,"41":6,"42":2,"43":2,"44":2,"45":4,"46":4,"47":2,"48":2,"49":2,"50":2,"51":2,"52":2,"53":2},"f":{"0":2,"1":0,"2":0,"3":6},"b":{"0":[1,1],"1":[0,0],"2":[0,0],"3":[2,4],"4":[2,2]},"_coverageSchema":"1a1c01bbd47fc00a2c39e90264f33305004495a9","hash":"3b13f2800a761312575f2b82e1046b77470e16c4"}
,"D:\\Coding\\ISDI Coders\\Daily Challenges\\Week 7\\Challenge Weekend - Red Social\\back2\\src\\server\\middlewares\\errors.js": {"path":"D:\\Coding\\ISDI Coders\\Daily Challenges\\Week 7\\Challenge Weekend - Red Social\\back2\\src\\server\\middlewares\\errors.js","statementMap":{"0":{"start":{"line":1,"column":14},"end":{"line":1,"column":30}},"1":{"start":{"line":2,"column":14},"end":{"line":2,"column":30}},"2":{"start":{"line":4,"column":22},"end":{"line":7,"column":1}},"3":{"start":{"line":5,"column":2},"end":{"line":5,"column":18}},"4":{"start":{"line":6,"column":2},"end":{"line":6,"column":59}},"5":{"start":{"line":10,"column":21},"end":{"line":16,"column":1}},"6":{"start":{"line":11,"column":2},"end":{"line":11,"column":44}},"7":{"start":{"line":12,"column":20},"end":{"line":12,"column":35}},"8":{"start":{"line":13,"column":23},"end":{"line":13,"column":71}},"9":{"start":{"line":14,"column":2},"end":{"line":14,"column":24}},"10":{"start":{"line":15,"column":2},"end":{"line":15,"column":51}},"11":{"start":{"line":18,"column":0},"end":{"line":18,"column":49}}},"fnMap":{"0":{"name":"(anonymous_0)","decl":{"start":{"line":4,"column":22},"end":{"line":4,"column":23}},"loc":{"start":{"line":4,"column":36},"end":{"line":7,"column":1}},"line":4},"1":{"name":"(anonymous_1)","decl":{"start":{"line":10,"column":21},"end":{"line":10,"column":22}},"loc":{"start":{"line":10,"column":46},"end":{"line":16,"column":1}},"line":10}},"branchMap":{"0":{"loc":{"start":{"line":12,"column":20},"end":{"line":12,"column":35}},"type":"binary-expr","locations":[{"start":{"line":12,"column":20},"end":{"line":12,"column":28}},{"start":{"line":12,"column":32},"end":{"line":12,"column":35}}],"line":12},"1":{"loc":{"start":{"line":13,"column":23},"end":{"line":13,"column":71}},"type":"cond-expr","locations":[{"start":{"line":13,"column":34},"end":{"line":13,"column":45}},{"start":{"line":13,"column":48},"end":{"line":13,"column":71}}],"line":13}},"s":{"0":2,"1":2,"2":2,"3":1,"4":1,"5":2,"6":4,"7":4,"8":4,"9":4,"10":4,"11":2},"f":{"0":1,"1":4},"b":{"0":[4,1],"1":[3,1]},"_coverageSchema":"1a1c01bbd47fc00a2c39e90264f33305004495a9","hash":"fdb3911d421006edc2384b4f4c027fc275b79d1d"}
,"D:\\Coding\\ISDI Coders\\Daily Challenges\\Week 7\\Challenge Weekend - Red Social\\back2\\src\\server\\routers\\userRouter.js": {"path":"D:\\Coding\\ISDI Coders\\Daily Challenges\\Week 7\\Challenge Weekend - Red Social\\back2\\src\\server\\routers\\userRouter.js","statementMap":{"0":{"start":{"line":1,"column":16},"end":{"line":1,"column":34}},"1":{"start":{"line":2,"column":15},"end":{"line":2,"column":32}},"2":{"start":{"line":3,"column":36},"end":{"line":3,"column":76}},"3":{"start":{"line":5,"column":15},"end":{"line":5,"column":42}},"4":{"start":{"line":7,"column":15},"end":{"line":7,"column":31}},"5":{"start":{"line":9,"column":0},"end":{"line":9,"column":33}},"6":{"start":{"line":10,"column":0},"end":{"line":10,"column":65}},"7":{"start":{"line":12,"column":0},"end":{"line":12,"column":24}}},"fnMap":{},"branchMap":{},"s":{"0":1,"1":1,"2":1,"3":1,"4":1,"5":1,"6":1,"7":1},"f":{},"b":{},"_coverageSchema":"1a1c01bbd47fc00a2c39e90264f33305004495a9","hash":"4f91b2f2c5f1cb670bfc1f7fa08aec2b759803b2"}
}
