TN:
SF:src\db\models\User.js
FNF:0
FNH:0
DA:1,2
DA:3,2
DA:32,2
DA:34,2
LF:4
LH:4
BRF:0
BRH:0
end_of_record
TN:
SF:src\server\controllers\userController.js
FN:5,(anonymous_0)
FN:24,(anonymous_1)
FNF:2
FNH:2
FNDA:5,(anonymous_0)
FNDA:6,(anonymous_1)
DA:1,2
DA:2,2
DA:3,2
DA:5,2
DA:6,5
DA:7,5
DA:8,5
DA:9,5
DA:10,4
DA:11,3
DA:13,1
DA:14,1
DA:15,1
DA:18,2
DA:19,2
DA:20,2
DA:24,2
DA:25,6
DA:26,6
DA:27,6
DA:28,2
DA:29,2
DA:30,2
DA:32,4
DA:33,4
DA:34,2
DA:35,2
DA:36,2
DA:38,2
DA:42,2
DA:43,2
DA:48,2
LF:32
LH:32
BRDA:9,0,0,4
BRDA:9,0,1,1
BRDA:27,1,0,2
BRDA:27,1,1,4
BRDA:33,2,0,2
BRDA:33,2,1,2
BRF:6
BRH:6
end_of_record
TN:
SF:src\server\middlewares\errors.js
FN:4,(anonymous_0)
FN:10,(anonymous_1)
FNF:2
FNH:2
FNDA:1,(anonymous_0)
FNDA:4,(anonymous_1)
DA:1,2
DA:2,2
DA:4,2
DA:5,1
DA:6,1
DA:10,2
DA:11,4
DA:12,4
DA:13,4
DA:14,4
DA:15,4
DA:18,2
LF:12
LH:12
BRDA:12,0,0,4
BRDA:12,0,1,1
BRDA:13,1,0,3
BRDA:13,1,1,1
BRF:4
BRH:4
end_of_record
TN:
SF:src\server\routers\userRouter.js
FNF:0
FNH:0
DA:1,1
DA:2,1
DA:4,1
DA:6,1
DA:7,1
DA:9,1
LF:6
LH:6
BRF:0
BRH:0
end_of_record
