TN:
SF:src\db\models\User.js
FNF:0
FNH:0
DA:1,2
DA:3,2
DA:32,2
DA:34,2
LF:4
LH:4
BRF:0
BRH:0
end_of_record
TN:
SF:src\server\controllers\userController.js
FN:7,(anonymous_0)
FN:15,(anonymous_1)
FN:38,(anonymous_2)
FNF:3
FNH:2
FNDA:5,(anonymous_0)
FNDA:0,(anonymous_1)
FNDA:6,(anonymous_2)
DA:1,2
DA:2,2
DA:3,2
DA:4,2
DA:5,2
DA:7,2
DA:8,5
DA:9,5
DA:10,5
DA:11,5
DA:12,4
DA:13,3
DA:14,0
DA:15,0
DA:16,0
DA:17,0
DA:20,0
DA:24,0
DA:26,1
DA:27,1
DA:28,1
DA:29,1
DA:32,4
DA:33,4
DA:34,4
DA:38,2
DA:39,6
DA:40,6
DA:41,6
DA:42,2
DA:43,2
DA:44,2
DA:46,4
DA:47,4
DA:48,2
DA:49,2
DA:50,2
DA:52,2
DA:56,2
DA:57,2
DA:62,2
LF:41
LH:35
BRDA:11,0,0,4
BRDA:11,0,1,1
BRDA:16,1,0,0
BRDA:16,1,1,0
BRDA:41,2,0,2
BRDA:41,2,1,4
BRDA:47,3,0,2
BRDA:47,3,1,2
BRF:8
BRH:6
end_of_record
TN:
SF:src\server\middlewares\errors.js
FN:4,(anonymous_0)
FN:10,(anonymous_1)
FNF:2
FNH:2
FNDA:1,(anonymous_0)
FNDA:5,(anonymous_1)
DA:1,2
DA:2,2
DA:4,2
DA:5,1
DA:6,1
DA:10,2
DA:11,5
DA:12,5
DA:13,5
DA:14,5
DA:15,5
DA:18,2
LF:12
LH:12
BRDA:12,0,0,5
BRDA:12,0,1,1
BRDA:13,1,0,4
BRDA:13,1,1,1
BRF:4
BRH:4
end_of_record
TN:
SF:src\server\routers\userRouter.js
FNF:0
FNH:0
DA:1,1
DA:2,1
DA:3,1
DA:5,1
DA:7,1
DA:9,1
DA:10,1
DA:12,1
LF:8
LH:8
BRF:0
BRH:0
end_of_record
